

Version:	3.50
CmdLine:	C:\Users\tomma\Desktop\My_Personal_Forming\App\My Personal Forming.exe --l4j-debug
JNI:		No
WOW64:		Yes
Working dir:	C:\Users\tomma\Desktop\My_Personal_Forming\App\.
Requires JDK:	Yes
Requires 64-Bit: No
Java min ver:	1.008.000
Java max ver:	
Substitute:	JAVA_HOME = 
Substitute:	PATH = C:\Program Files\Common Files\Oracle\Java\javapath;C:\WINDOWS\system32;C:\WINDOWS;C:\WINDOWS\System32\Wbem;C:\WINDOWS\System32\WindowsPowerShell\v1.0\;C:\WINDOWS\System32\OpenSSH\;C:\Users\tomma\AppData\Local\Programs\Python\Python312\Scripts\;C:\Users\tomma\AppData\Local\Programs\Python\Python312\;C:\Users\tomma\AppData\Local\Microsoft\WindowsApps;C:\Users\tomma\AppData\Local\Programs\Microsoft VS Code\bin;C:\Program Files\Java\jdk-22\bin
JRE paths:	;C:\Program Files\Common Files\Oracle\Java\javapath;C:\WINDOWS\system32;C:\WINDOWS;C:\WINDOWS\System32\Wbem;C:\WINDOWS\System32\WindowsPowerShell\v1.0\;C:\WINDOWS\System32\OpenSSH\;C:\Users\tomma\AppData\Local\Programs\Python\Python312\Scripts\;C:\Users\tomma\AppData\Local\Programs\Python\Python312\;C:\Users\tomma\AppData\Local\Microsoft\WindowsApps;C:\Users\tomma\AppData\Local\Programs\Microsoft VS Code\bin;C:\Program Files\Java\jdk-22\bin
Check launcher:	C:\Program Files\Common Files\Oracle\Java\javapath\bin\javaw.exe (not found)
Check launcher:	C:\WINDOWS\system32\bin\javaw.exe (not found)
Check launcher:	C:\WINDOWS\bin\javaw.exe (not found)
Check launcher:	C:\WINDOWS\System32\Wbem\bin\javaw.exe (not found)
Check launcher:	C:\WINDOWS\System32\WindowsPowerShell\v1.0\bin\javaw.exe (not found)
Check launcher:	C:\WINDOWS\System32\OpenSSH\bin\javaw.exe (not found)
Check launcher:	C:\Users\tomma\AppData\Local\Programs\Python\Python312\Scripts\bin\javaw.exe (not found)
Check launcher:	C:\Users\tomma\AppData\Local\Programs\Python\Python312\bin\javaw.exe (not found)
Check launcher:	C:\Users\tomma\AppData\Local\Microsoft\WindowsApps\bin\javaw.exe (not found)
Check launcher:	C:\Users\tomma\AppData\Local\Programs\Microsoft VS Code\bin\javaw.exe (not found)
Check launcher:	C:\Program Files\Java\jdk-22\bin\javaw.exe (OK)
Check javac:	C:\Program Files\Java\jdk-22\bin\javac.exe (OK)
Version string: 1.022.000_001 / 64-Bit (OK)
Launcher:	C:\Program Files\Java\jdk-22\bin\javaw.exe
Launcher args:	-jar "C:\Users\tomma\Desktop\My_Personal_Forming\App\My Personal Forming.exe"
Args length:	77/32768 chars
Exit code:	0
